ARM GAS  /tmp/ccjaLQ66.s 			page 1


   1              		.cpu cortex-m3
   2              		.eabi_attribute 20, 1
   3              		.eabi_attribute 21, 1
   4              		.eabi_attribute 23, 3
   5              		.eabi_attribute 24, 1
   6              		.eabi_attribute 25, 1
   7              		.eabi_attribute 26, 1
   8              		.eabi_attribute 30, 1
   9              		.eabi_attribute 34, 1
  10              		.eabi_attribute 18, 4
  11              		.file	"stm32f1xx_it.c"
  12              		.text
  13              	.Ltext0:
  14              		.cfi_sections	.debug_frame
  15              		.section	.text.NMI_Handler,"ax",%progbits
  16              		.align	1
  17              		.global	NMI_Handler
  18              		.syntax unified
  19              		.thumb
  20              		.thumb_func
  21              		.fpu softvfp
  23              	NMI_Handler:
  24              	.LFB65:
  25              		.file 1 "Core/Src/stm32f1xx_it.c"
   1:Core/Src/stm32f1xx_it.c **** /* USER CODE BEGIN Header */
   2:Core/Src/stm32f1xx_it.c **** /**
   3:Core/Src/stm32f1xx_it.c ****   ******************************************************************************
   4:Core/Src/stm32f1xx_it.c ****   * @file    stm32f1xx_it.c
   5:Core/Src/stm32f1xx_it.c ****   * @brief   Interrupt Service Routines.
   6:Core/Src/stm32f1xx_it.c ****   ******************************************************************************
   7:Core/Src/stm32f1xx_it.c ****   * @attention
   8:Core/Src/stm32f1xx_it.c ****   *
   9:Core/Src/stm32f1xx_it.c ****   * <h2><center>&copy; Copyright (c) 2021 STMicroelectronics.
  10:Core/Src/stm32f1xx_it.c ****   * All rights reserved.</center></h2>
  11:Core/Src/stm32f1xx_it.c ****   *
  12:Core/Src/stm32f1xx_it.c ****   * This software component is licensed by ST under BSD 3-Clause license,
  13:Core/Src/stm32f1xx_it.c ****   * the "License"; You may not use this file except in compliance with the
  14:Core/Src/stm32f1xx_it.c ****   * License. You may obtain a copy of the License at:
  15:Core/Src/stm32f1xx_it.c ****   *                        opensource.org/licenses/BSD-3-Clause
  16:Core/Src/stm32f1xx_it.c ****   *
  17:Core/Src/stm32f1xx_it.c ****   ******************************************************************************
  18:Core/Src/stm32f1xx_it.c ****   */
  19:Core/Src/stm32f1xx_it.c **** /* USER CODE END Header */
  20:Core/Src/stm32f1xx_it.c **** 
  21:Core/Src/stm32f1xx_it.c **** /* Includes ------------------------------------------------------------------*/
  22:Core/Src/stm32f1xx_it.c **** #include "main.h"
  23:Core/Src/stm32f1xx_it.c **** #include "stm32f1xx_it.h"
  24:Core/Src/stm32f1xx_it.c **** /* Private includes ----------------------------------------------------------*/
  25:Core/Src/stm32f1xx_it.c **** /* USER CODE BEGIN Includes */
  26:Core/Src/stm32f1xx_it.c **** #include "oled.h"
  27:Core/Src/stm32f1xx_it.c **** /* USER CODE END Includes */
  28:Core/Src/stm32f1xx_it.c **** 
  29:Core/Src/stm32f1xx_it.c **** /* Private typedef -----------------------------------------------------------*/
  30:Core/Src/stm32f1xx_it.c **** /* USER CODE BEGIN TD */
  31:Core/Src/stm32f1xx_it.c **** 
  32:Core/Src/stm32f1xx_it.c **** /* USER CODE END TD */
  33:Core/Src/stm32f1xx_it.c **** 
ARM GAS  /tmp/ccjaLQ66.s 			page 2


  34:Core/Src/stm32f1xx_it.c **** /* Private define ------------------------------------------------------------*/
  35:Core/Src/stm32f1xx_it.c **** /* USER CODE BEGIN PD */
  36:Core/Src/stm32f1xx_it.c **** 
  37:Core/Src/stm32f1xx_it.c **** /* USER CODE END PD */
  38:Core/Src/stm32f1xx_it.c **** 
  39:Core/Src/stm32f1xx_it.c **** /* Private macro -------------------------------------------------------------*/
  40:Core/Src/stm32f1xx_it.c **** /* USER CODE BEGIN PM */
  41:Core/Src/stm32f1xx_it.c **** 
  42:Core/Src/stm32f1xx_it.c **** /* USER CODE END PM */
  43:Core/Src/stm32f1xx_it.c **** 
  44:Core/Src/stm32f1xx_it.c **** /* Private variables ---------------------------------------------------------*/
  45:Core/Src/stm32f1xx_it.c **** /* USER CODE BEGIN PV */
  46:Core/Src/stm32f1xx_it.c **** 
  47:Core/Src/stm32f1xx_it.c **** /* USER CODE END PV */
  48:Core/Src/stm32f1xx_it.c **** 
  49:Core/Src/stm32f1xx_it.c **** /* Private function prototypes -----------------------------------------------*/
  50:Core/Src/stm32f1xx_it.c **** /* USER CODE BEGIN PFP */
  51:Core/Src/stm32f1xx_it.c **** 
  52:Core/Src/stm32f1xx_it.c **** /* USER CODE END PFP */
  53:Core/Src/stm32f1xx_it.c **** 
  54:Core/Src/stm32f1xx_it.c **** /* Private user code ---------------------------------------------------------*/
  55:Core/Src/stm32f1xx_it.c **** /* USER CODE BEGIN 0 */
  56:Core/Src/stm32f1xx_it.c **** 
  57:Core/Src/stm32f1xx_it.c **** /* USER CODE END 0 */
  58:Core/Src/stm32f1xx_it.c **** 
  59:Core/Src/stm32f1xx_it.c **** /* External variables --------------------------------------------------------*/
  60:Core/Src/stm32f1xx_it.c **** extern UART_HandleTypeDef huart1;
  61:Core/Src/stm32f1xx_it.c **** /* USER CODE BEGIN EV */
  62:Core/Src/stm32f1xx_it.c **** 
  63:Core/Src/stm32f1xx_it.c **** /* USER CODE END EV */
  64:Core/Src/stm32f1xx_it.c **** 
  65:Core/Src/stm32f1xx_it.c **** /******************************************************************************/
  66:Core/Src/stm32f1xx_it.c **** /*           Cortex-M3 Processor Interruption and Exception Handlers          */
  67:Core/Src/stm32f1xx_it.c **** /******************************************************************************/
  68:Core/Src/stm32f1xx_it.c **** /**
  69:Core/Src/stm32f1xx_it.c ****   * @brief This function handles Non maskable interrupt.
  70:Core/Src/stm32f1xx_it.c ****   */
  71:Core/Src/stm32f1xx_it.c **** void NMI_Handler(void)
  72:Core/Src/stm32f1xx_it.c **** {
  26              		.loc 1 72 0
  27              		.cfi_startproc
  28              		@ Volatile: function does not return.
  29              		@ args = 0, pretend = 0, frame = 0
  30              		@ frame_needed = 0, uses_anonymous_args = 0
  31              		@ link register save eliminated.
  32              	.L2:
  33 0000 FEE7     		b	.L2
  34              		.cfi_endproc
  35              	.LFE65:
  37              		.section	.text.HardFault_Handler,"ax",%progbits
  38              		.align	1
  39              		.global	HardFault_Handler
  40              		.syntax unified
  41              		.thumb
  42              		.thumb_func
  43              		.fpu softvfp
  45              	HardFault_Handler:
ARM GAS  /tmp/ccjaLQ66.s 			page 3


  46              	.LFB66:
  73:Core/Src/stm32f1xx_it.c ****   /* USER CODE BEGIN NonMaskableInt_IRQn 0 */
  74:Core/Src/stm32f1xx_it.c **** 
  75:Core/Src/stm32f1xx_it.c ****   /* USER CODE END NonMaskableInt_IRQn 0 */
  76:Core/Src/stm32f1xx_it.c ****   /* USER CODE BEGIN NonMaskableInt_IRQn 1 */
  77:Core/Src/stm32f1xx_it.c ****   while (1)
  78:Core/Src/stm32f1xx_it.c ****   {
  79:Core/Src/stm32f1xx_it.c ****   }
  80:Core/Src/stm32f1xx_it.c ****   /* USER CODE END NonMaskableInt_IRQn 1 */
  81:Core/Src/stm32f1xx_it.c **** }
  82:Core/Src/stm32f1xx_it.c **** 
  83:Core/Src/stm32f1xx_it.c **** /**
  84:Core/Src/stm32f1xx_it.c ****   * @brief This function handles Hard fault interrupt.
  85:Core/Src/stm32f1xx_it.c ****   */
  86:Core/Src/stm32f1xx_it.c **** void HardFault_Handler(void)
  87:Core/Src/stm32f1xx_it.c **** {
  47              		.loc 1 87 0
  48              		.cfi_startproc
  49              		@ Volatile: function does not return.
  50              		@ args = 0, pretend = 0, frame = 0
  51              		@ frame_needed = 0, uses_anonymous_args = 0
  52              		@ link register save eliminated.
  53              	.L4:
  54 0000 FEE7     		b	.L4
  55              		.cfi_endproc
  56              	.LFE66:
  58              		.section	.text.MemManage_Handler,"ax",%progbits
  59              		.align	1
  60              		.global	MemManage_Handler
  61              		.syntax unified
  62              		.thumb
  63              		.thumb_func
  64              		.fpu softvfp
  66              	MemManage_Handler:
  67              	.LFB67:
  88:Core/Src/stm32f1xx_it.c ****   /* USER CODE BEGIN HardFault_IRQn 0 */
  89:Core/Src/stm32f1xx_it.c **** 
  90:Core/Src/stm32f1xx_it.c ****   /* USER CODE END HardFault_IRQn 0 */
  91:Core/Src/stm32f1xx_it.c ****   while (1)
  92:Core/Src/stm32f1xx_it.c ****   {
  93:Core/Src/stm32f1xx_it.c ****     /* USER CODE BEGIN W1_HardFault_IRQn 0 */
  94:Core/Src/stm32f1xx_it.c ****     /* USER CODE END W1_HardFault_IRQn 0 */
  95:Core/Src/stm32f1xx_it.c ****   }
  96:Core/Src/stm32f1xx_it.c **** }
  97:Core/Src/stm32f1xx_it.c **** 
  98:Core/Src/stm32f1xx_it.c **** /**
  99:Core/Src/stm32f1xx_it.c ****   * @brief This function handles Memory management fault.
 100:Core/Src/stm32f1xx_it.c ****   */
 101:Core/Src/stm32f1xx_it.c **** void MemManage_Handler(void)
 102:Core/Src/stm32f1xx_it.c **** {
  68              		.loc 1 102 0
  69              		.cfi_startproc
  70              		@ Volatile: function does not return.
  71              		@ args = 0, pretend = 0, frame = 0
  72              		@ frame_needed = 0, uses_anonymous_args = 0
  73              		@ link register save eliminated.
  74              	.L6:
ARM GAS  /tmp/ccjaLQ66.s 			page 4


  75 0000 FEE7     		b	.L6
  76              		.cfi_endproc
  77              	.LFE67:
  79              		.section	.text.BusFault_Handler,"ax",%progbits
  80              		.align	1
  81              		.global	BusFault_Handler
  82              		.syntax unified
  83              		.thumb
  84              		.thumb_func
  85              		.fpu softvfp
  87              	BusFault_Handler:
  88              	.LFB68:
 103:Core/Src/stm32f1xx_it.c ****   /* USER CODE BEGIN MemoryManagement_IRQn 0 */
 104:Core/Src/stm32f1xx_it.c **** 
 105:Core/Src/stm32f1xx_it.c ****   /* USER CODE END MemoryManagement_IRQn 0 */
 106:Core/Src/stm32f1xx_it.c ****   while (1)
 107:Core/Src/stm32f1xx_it.c ****   {
 108:Core/Src/stm32f1xx_it.c ****     /* USER CODE BEGIN W1_MemoryManagement_IRQn 0 */
 109:Core/Src/stm32f1xx_it.c ****     /* USER CODE END W1_MemoryManagement_IRQn 0 */
 110:Core/Src/stm32f1xx_it.c ****   }
 111:Core/Src/stm32f1xx_it.c **** }
 112:Core/Src/stm32f1xx_it.c **** 
 113:Core/Src/stm32f1xx_it.c **** /**
 114:Core/Src/stm32f1xx_it.c ****   * @brief This function handles Prefetch fault, memory access fault.
 115:Core/Src/stm32f1xx_it.c ****   */
 116:Core/Src/stm32f1xx_it.c **** void BusFault_Handler(void)
 117:Core/Src/stm32f1xx_it.c **** {
  89              		.loc 1 117 0
  90              		.cfi_startproc
  91              		@ Volatile: function does not return.
  92              		@ args = 0, pretend = 0, frame = 0
  93              		@ frame_needed = 0, uses_anonymous_args = 0
  94              		@ link register save eliminated.
  95              	.L8:
  96 0000 FEE7     		b	.L8
  97              		.cfi_endproc
  98              	.LFE68:
 100              		.section	.text.UsageFault_Handler,"ax",%progbits
 101              		.align	1
 102              		.global	UsageFault_Handler
 103              		.syntax unified
 104              		.thumb
 105              		.thumb_func
 106              		.fpu softvfp
 108              	UsageFault_Handler:
 109              	.LFB69:
 118:Core/Src/stm32f1xx_it.c ****   /* USER CODE BEGIN BusFault_IRQn 0 */
 119:Core/Src/stm32f1xx_it.c **** 
 120:Core/Src/stm32f1xx_it.c ****   /* USER CODE END BusFault_IRQn 0 */
 121:Core/Src/stm32f1xx_it.c ****   while (1)
 122:Core/Src/stm32f1xx_it.c ****   {
 123:Core/Src/stm32f1xx_it.c ****     /* USER CODE BEGIN W1_BusFault_IRQn 0 */
 124:Core/Src/stm32f1xx_it.c ****     /* USER CODE END W1_BusFault_IRQn 0 */
 125:Core/Src/stm32f1xx_it.c ****   }
 126:Core/Src/stm32f1xx_it.c **** }
 127:Core/Src/stm32f1xx_it.c **** 
 128:Core/Src/stm32f1xx_it.c **** /**
ARM GAS  /tmp/ccjaLQ66.s 			page 5


 129:Core/Src/stm32f1xx_it.c ****   * @brief This function handles Undefined instruction or illegal state.
 130:Core/Src/stm32f1xx_it.c ****   */
 131:Core/Src/stm32f1xx_it.c **** void UsageFault_Handler(void)
 132:Core/Src/stm32f1xx_it.c **** {
 110              		.loc 1 132 0
 111              		.cfi_startproc
 112              		@ Volatile: function does not return.
 113              		@ args = 0, pretend = 0, frame = 0
 114              		@ frame_needed = 0, uses_anonymous_args = 0
 115              		@ link register save eliminated.
 116              	.L10:
 117 0000 FEE7     		b	.L10
 118              		.cfi_endproc
 119              	.LFE69:
 121              		.section	.text.SVC_Handler,"ax",%progbits
 122              		.align	1
 123              		.global	SVC_Handler
 124              		.syntax unified
 125              		.thumb
 126              		.thumb_func
 127              		.fpu softvfp
 129              	SVC_Handler:
 130              	.LFB70:
 133:Core/Src/stm32f1xx_it.c ****   /* USER CODE BEGIN UsageFault_IRQn 0 */
 134:Core/Src/stm32f1xx_it.c **** 
 135:Core/Src/stm32f1xx_it.c ****   /* USER CODE END UsageFault_IRQn 0 */
 136:Core/Src/stm32f1xx_it.c ****   while (1)
 137:Core/Src/stm32f1xx_it.c ****   {
 138:Core/Src/stm32f1xx_it.c ****     /* USER CODE BEGIN W1_UsageFault_IRQn 0 */
 139:Core/Src/stm32f1xx_it.c ****     /* USER CODE END W1_UsageFault_IRQn 0 */
 140:Core/Src/stm32f1xx_it.c ****   }
 141:Core/Src/stm32f1xx_it.c **** }
 142:Core/Src/stm32f1xx_it.c **** 
 143:Core/Src/stm32f1xx_it.c **** /**
 144:Core/Src/stm32f1xx_it.c ****   * @brief This function handles System service call via SWI instruction.
 145:Core/Src/stm32f1xx_it.c ****   */
 146:Core/Src/stm32f1xx_it.c **** void SVC_Handler(void)
 147:Core/Src/stm32f1xx_it.c **** {
 131              		.loc 1 147 0
 132              		.cfi_startproc
 133              		@ args = 0, pretend = 0, frame = 0
 134              		@ frame_needed = 0, uses_anonymous_args = 0
 135              		@ link register save eliminated.
 136 0000 7047     		bx	lr
 137              		.cfi_endproc
 138              	.LFE70:
 140              		.section	.text.DebugMon_Handler,"ax",%progbits
 141              		.align	1
 142              		.global	DebugMon_Handler
 143              		.syntax unified
 144              		.thumb
 145              		.thumb_func
 146              		.fpu softvfp
 148              	DebugMon_Handler:
 149              	.LFB71:
 148:Core/Src/stm32f1xx_it.c ****   /* USER CODE BEGIN SVCall_IRQn 0 */
 149:Core/Src/stm32f1xx_it.c **** 
ARM GAS  /tmp/ccjaLQ66.s 			page 6


 150:Core/Src/stm32f1xx_it.c ****   /* USER CODE END SVCall_IRQn 0 */
 151:Core/Src/stm32f1xx_it.c ****   /* USER CODE BEGIN SVCall_IRQn 1 */
 152:Core/Src/stm32f1xx_it.c **** 
 153:Core/Src/stm32f1xx_it.c ****   /* USER CODE END SVCall_IRQn 1 */
 154:Core/Src/stm32f1xx_it.c **** }
 155:Core/Src/stm32f1xx_it.c **** 
 156:Core/Src/stm32f1xx_it.c **** /**
 157:Core/Src/stm32f1xx_it.c ****   * @brief This function handles Debug monitor.
 158:Core/Src/stm32f1xx_it.c ****   */
 159:Core/Src/stm32f1xx_it.c **** void DebugMon_Handler(void)
 160:Core/Src/stm32f1xx_it.c **** {
 150              		.loc 1 160 0
 151              		.cfi_startproc
 152              		@ args = 0, pretend = 0, frame = 0
 153              		@ frame_needed = 0, uses_anonymous_args = 0
 154              		@ link register save eliminated.
 155 0000 7047     		bx	lr
 156              		.cfi_endproc
 157              	.LFE71:
 159              		.section	.text.PendSV_Handler,"ax",%progbits
 160              		.align	1
 161              		.global	PendSV_Handler
 162              		.syntax unified
 163              		.thumb
 164              		.thumb_func
 165              		.fpu softvfp
 167              	PendSV_Handler:
 168              	.LFB72:
 161:Core/Src/stm32f1xx_it.c ****   /* USER CODE BEGIN DebugMonitor_IRQn 0 */
 162:Core/Src/stm32f1xx_it.c **** 
 163:Core/Src/stm32f1xx_it.c ****   /* USER CODE END DebugMonitor_IRQn 0 */
 164:Core/Src/stm32f1xx_it.c ****   /* USER CODE BEGIN DebugMonitor_IRQn 1 */
 165:Core/Src/stm32f1xx_it.c **** 
 166:Core/Src/stm32f1xx_it.c ****   /* USER CODE END DebugMonitor_IRQn 1 */
 167:Core/Src/stm32f1xx_it.c **** }
 168:Core/Src/stm32f1xx_it.c **** 
 169:Core/Src/stm32f1xx_it.c **** /**
 170:Core/Src/stm32f1xx_it.c ****   * @brief This function handles Pendable request for system service.
 171:Core/Src/stm32f1xx_it.c ****   */
 172:Core/Src/stm32f1xx_it.c **** void PendSV_Handler(void)
 173:Core/Src/stm32f1xx_it.c **** {
 169              		.loc 1 173 0
 170              		.cfi_startproc
 171              		@ args = 0, pretend = 0, frame = 0
 172              		@ frame_needed = 0, uses_anonymous_args = 0
 173              		@ link register save eliminated.
 174 0000 7047     		bx	lr
 175              		.cfi_endproc
 176              	.LFE72:
 178              		.section	.text.SysTick_Handler,"ax",%progbits
 179              		.align	1
 180              		.global	SysTick_Handler
 181              		.syntax unified
 182              		.thumb
 183              		.thumb_func
 184              		.fpu softvfp
 186              	SysTick_Handler:
ARM GAS  /tmp/ccjaLQ66.s 			page 7


 187              	.LFB73:
 174:Core/Src/stm32f1xx_it.c ****   /* USER CODE BEGIN PendSV_IRQn 0 */
 175:Core/Src/stm32f1xx_it.c **** 
 176:Core/Src/stm32f1xx_it.c ****   /* USER CODE END PendSV_IRQn 0 */
 177:Core/Src/stm32f1xx_it.c ****   /* USER CODE BEGIN PendSV_IRQn 1 */
 178:Core/Src/stm32f1xx_it.c **** 
 179:Core/Src/stm32f1xx_it.c ****   /* USER CODE END PendSV_IRQn 1 */
 180:Core/Src/stm32f1xx_it.c **** }
 181:Core/Src/stm32f1xx_it.c **** 
 182:Core/Src/stm32f1xx_it.c **** /**
 183:Core/Src/stm32f1xx_it.c ****   * @brief This function handles System tick timer.
 184:Core/Src/stm32f1xx_it.c ****   */
 185:Core/Src/stm32f1xx_it.c **** void SysTick_Handler(void)
 186:Core/Src/stm32f1xx_it.c **** {
 188              		.loc 1 186 0
 189              		.cfi_startproc
 190              		@ args = 0, pretend = 0, frame = 0
 191              		@ frame_needed = 0, uses_anonymous_args = 0
 192              		.loc 1 186 0
 193 0000 08B5     		push	{r3, lr}
 194              	.LCFI0:
 195              		.cfi_def_cfa_offset 8
 196              		.cfi_offset 3, -8
 197              		.cfi_offset 14, -4
 187:Core/Src/stm32f1xx_it.c ****   /* USER CODE BEGIN SysTick_IRQn 0 */
 188:Core/Src/stm32f1xx_it.c **** 
 189:Core/Src/stm32f1xx_it.c ****   /* USER CODE END SysTick_IRQn 0 */
 190:Core/Src/stm32f1xx_it.c ****   HAL_IncTick();
 198              		.loc 1 190 0
 199 0002 FFF7FEFF 		bl	HAL_IncTick
 200              	.LVL0:
 201 0006 08BD     		pop	{r3, pc}
 202              		.cfi_endproc
 203              	.LFE73:
 205              		.section	.text.USART1_IRQHandlerOrig,"ax",%progbits
 206              		.align	1
 207              		.global	USART1_IRQHandlerOrig
 208              		.syntax unified
 209              		.thumb
 210              		.thumb_func
 211              		.fpu softvfp
 213              	USART1_IRQHandlerOrig:
 214              	.LFB74:
 191:Core/Src/stm32f1xx_it.c ****   /* USER CODE BEGIN SysTick_IRQn 1 */
 192:Core/Src/stm32f1xx_it.c **** 
 193:Core/Src/stm32f1xx_it.c ****   /* USER CODE END SysTick_IRQn 1 */
 194:Core/Src/stm32f1xx_it.c **** }
 195:Core/Src/stm32f1xx_it.c **** 
 196:Core/Src/stm32f1xx_it.c **** /******************************************************************************/
 197:Core/Src/stm32f1xx_it.c **** /* STM32F1xx Peripheral Interrupt Handlers                                    */
 198:Core/Src/stm32f1xx_it.c **** /* Add here the Interrupt Handlers for the used peripherals.                  */
 199:Core/Src/stm32f1xx_it.c **** /* For the available peripheral interrupt handler names,                      */
 200:Core/Src/stm32f1xx_it.c **** /* please refer to the startup file (startup_stm32f1xx.s).                    */
 201:Core/Src/stm32f1xx_it.c **** /******************************************************************************/
 202:Core/Src/stm32f1xx_it.c **** 
 203:Core/Src/stm32f1xx_it.c **** /**
 204:Core/Src/stm32f1xx_it.c ****   * @brief This function handles USART1 global interrupt.
ARM GAS  /tmp/ccjaLQ66.s 			page 8


 205:Core/Src/stm32f1xx_it.c ****   */
 206:Core/Src/stm32f1xx_it.c **** 
 207:Core/Src/stm32f1xx_it.c **** /* USER CODE BEGIN 1 */
 208:Core/Src/stm32f1xx_it.c **** 
 209:Core/Src/stm32f1xx_it.c **** void USART1_IRQHandlerOrig(void)
 210:Core/Src/stm32f1xx_it.c **** {
 215              		.loc 1 210 0
 216              		.cfi_startproc
 217              		@ args = 0, pretend = 0, frame = 0
 218              		@ frame_needed = 0, uses_anonymous_args = 0
 219              		@ link register save eliminated.
 211:Core/Src/stm32f1xx_it.c ****   /* USER CODE BEGIN USART1_IRQn 0 */
 212:Core/Src/stm32f1xx_it.c ****   if(USART1->SR & USART_SR_RXNE)
 220              		.loc 1 212 0
 221 0000 044B     		ldr	r3, .L18
 222 0002 1B68     		ldr	r3, [r3]
 223 0004 13F0200F 		tst	r3, #32
 224 0008 03D0     		beq	.L16
 225              	.LBB2:
 213:Core/Src/stm32f1xx_it.c ****   {
 214:Core/Src/stm32f1xx_it.c ****     //Could also use huart->instance->SR/DR etc
 215:Core/Src/stm32f1xx_it.c ****     // Data read from DR is from receving RDR
 216:Core/Src/stm32f1xx_it.c ****     // Data wirtten into DR is transmitted TDR
 217:Core/Src/stm32f1xx_it.c ****     // Reading to this register also unsets required int flags
 218:Core/Src/stm32f1xx_it.c ****     // Actually two registers internally
 219:Core/Src/stm32f1xx_it.c ****     char tmp = USART1->DR;
 226              		.loc 1 219 0
 227 000a 024A     		ldr	r2, .L18
 228 000c 5368     		ldr	r3, [r2, #4]
 229              	.LVL1:
 230 000e DBB2     		uxtb	r3, r3
 220:Core/Src/stm32f1xx_it.c ****     USART1->DR = tmp;
 231              		.loc 1 220 0
 232 0010 5360     		str	r3, [r2, #4]
 233              	.LVL2:
 234              	.L16:
 235 0012 7047     		bx	lr
 236              	.L19:
 237              		.align	2
 238              	.L18:
 239 0014 00380140 		.word	1073821696
 240              	.LBE2:
 241              		.cfi_endproc
 242              	.LFE74:
 244              		.text
 245              	.Letext0:
 246              		.file 2 "/usr/include/newlib/machine/_default_types.h"
 247              		.file 3 "/usr/include/newlib/sys/_stdint.h"
 248              		.file 4 "Drivers/CMSIS/Include/core_cm3.h"
 249              		.file 5 "Drivers/CMSIS/Device/ST/STM32F1xx/Include/system_stm32f1xx.h"
 250              		.file 6 "Drivers/CMSIS/Device/ST/STM32F1xx/Include/stm32f103xb.h"
 251              		.file 7 "Drivers/STM32F1xx_HAL_Driver/Inc/stm32f1xx_hal_def.h"
 252              		.file 8 "Drivers/STM32F1xx_HAL_Driver/Inc/stm32f1xx_hal_dma.h"
 253              		.file 9 "Drivers/STM32F1xx_HAL_Driver/Inc/stm32f1xx_hal_i2c.h"
 254              		.file 10 "Drivers/STM32F1xx_HAL_Driver/Inc/stm32f1xx_hal_uart.h"
 255              		.file 11 "Drivers/STM32F1xx_HAL_Driver/Inc/stm32f1xx_hal.h"
 256              		.file 12 "Core/Inc/oled.h"
ARM GAS  /tmp/ccjaLQ66.s 			page 9


ARM GAS  /tmp/ccjaLQ66.s 			page 10


DEFINED SYMBOLS
                            *ABS*:0000000000000000 stm32f1xx_it.c
     /tmp/ccjaLQ66.s:16     .text.NMI_Handler:0000000000000000 $t
     /tmp/ccjaLQ66.s:23     .text.NMI_Handler:0000000000000000 NMI_Handler
     /tmp/ccjaLQ66.s:38     .text.HardFault_Handler:0000000000000000 $t
     /tmp/ccjaLQ66.s:45     .text.HardFault_Handler:0000000000000000 HardFault_Handler
     /tmp/ccjaLQ66.s:59     .text.MemManage_Handler:0000000000000000 $t
     /tmp/ccjaLQ66.s:66     .text.MemManage_Handler:0000000000000000 MemManage_Handler
     /tmp/ccjaLQ66.s:80     .text.BusFault_Handler:0000000000000000 $t
     /tmp/ccjaLQ66.s:87     .text.BusFault_Handler:0000000000000000 BusFault_Handler
     /tmp/ccjaLQ66.s:101    .text.UsageFault_Handler:0000000000000000 $t
     /tmp/ccjaLQ66.s:108    .text.UsageFault_Handler:0000000000000000 UsageFault_Handler
     /tmp/ccjaLQ66.s:122    .text.SVC_Handler:0000000000000000 $t
     /tmp/ccjaLQ66.s:129    .text.SVC_Handler:0000000000000000 SVC_Handler
     /tmp/ccjaLQ66.s:141    .text.DebugMon_Handler:0000000000000000 $t
     /tmp/ccjaLQ66.s:148    .text.DebugMon_Handler:0000000000000000 DebugMon_Handler
     /tmp/ccjaLQ66.s:160    .text.PendSV_Handler:0000000000000000 $t
     /tmp/ccjaLQ66.s:167    .text.PendSV_Handler:0000000000000000 PendSV_Handler
     /tmp/ccjaLQ66.s:179    .text.SysTick_Handler:0000000000000000 $t
     /tmp/ccjaLQ66.s:186    .text.SysTick_Handler:0000000000000000 SysTick_Handler
     /tmp/ccjaLQ66.s:206    .text.USART1_IRQHandlerOrig:0000000000000000 $t
     /tmp/ccjaLQ66.s:213    .text.USART1_IRQHandlerOrig:0000000000000000 USART1_IRQHandlerOrig
     /tmp/ccjaLQ66.s:239    .text.USART1_IRQHandlerOrig:0000000000000014 $d
                     .debug_frame:0000000000000010 $d

UNDEFINED SYMBOLS
HAL_IncTick
