ARM GAS  /tmp/ccqNpYhf.s 			page 1


   1              		.cpu cortex-m3
   2              		.eabi_attribute 20, 1
   3              		.eabi_attribute 21, 1
   4              		.eabi_attribute 23, 3
   5              		.eabi_attribute 24, 1
   6              		.eabi_attribute 25, 1
   7              		.eabi_attribute 26, 1
   8              		.eabi_attribute 30, 1
   9              		.eabi_attribute 34, 1
  10              		.eabi_attribute 18, 4
  11              		.file	"stm32f1xx_hal_msp.c"
  12              		.text
  13              	.Ltext0:
  14              		.cfi_sections	.debug_frame
  15              		.section	.text.HAL_MspInit,"ax",%progbits
  16              		.align	1
  17              		.global	HAL_MspInit
  18              		.syntax unified
  19              		.thumb
  20              		.thumb_func
  21              		.fpu softvfp
  23              	HAL_MspInit:
  24              	.LFB65:
  25              		.file 1 "Core/Src/stm32f1xx_hal_msp.c"
   1:Core/Src/stm32f1xx_hal_msp.c **** /* USER CODE BEGIN Header */
   2:Core/Src/stm32f1xx_hal_msp.c **** /**
   3:Core/Src/stm32f1xx_hal_msp.c ****   ******************************************************************************
   4:Core/Src/stm32f1xx_hal_msp.c ****   * @file         stm32f1xx_hal_msp.c
   5:Core/Src/stm32f1xx_hal_msp.c ****   * @brief        This file provides code for the MSP Initialization
   6:Core/Src/stm32f1xx_hal_msp.c ****   *               and de-Initialization codes.
   7:Core/Src/stm32f1xx_hal_msp.c ****   ******************************************************************************
   8:Core/Src/stm32f1xx_hal_msp.c ****   * @attention
   9:Core/Src/stm32f1xx_hal_msp.c ****   *
  10:Core/Src/stm32f1xx_hal_msp.c ****   * <h2><center>&copy; Copyright (c) 2021 STMicroelectronics.
  11:Core/Src/stm32f1xx_hal_msp.c ****   * All rights reserved.</center></h2>
  12:Core/Src/stm32f1xx_hal_msp.c ****   *
  13:Core/Src/stm32f1xx_hal_msp.c ****   * This software component is licensed by ST under BSD 3-Clause license,
  14:Core/Src/stm32f1xx_hal_msp.c ****   * the "License"; You may not use this file except in compliance with the
  15:Core/Src/stm32f1xx_hal_msp.c ****   * License. You may obtain a copy of the License at:
  16:Core/Src/stm32f1xx_hal_msp.c ****   *                        opensource.org/licenses/BSD-3-Clause
  17:Core/Src/stm32f1xx_hal_msp.c ****   *
  18:Core/Src/stm32f1xx_hal_msp.c ****   ******************************************************************************
  19:Core/Src/stm32f1xx_hal_msp.c ****   */
  20:Core/Src/stm32f1xx_hal_msp.c **** /* USER CODE END Header */
  21:Core/Src/stm32f1xx_hal_msp.c **** 
  22:Core/Src/stm32f1xx_hal_msp.c **** /* Includes ------------------------------------------------------------------*/
  23:Core/Src/stm32f1xx_hal_msp.c **** #include "main.h"
  24:Core/Src/stm32f1xx_hal_msp.c **** /* USER CODE BEGIN Includes */
  25:Core/Src/stm32f1xx_hal_msp.c **** 
  26:Core/Src/stm32f1xx_hal_msp.c **** /* USER CODE END Includes */
  27:Core/Src/stm32f1xx_hal_msp.c **** 
  28:Core/Src/stm32f1xx_hal_msp.c **** /* Private typedef -----------------------------------------------------------*/
  29:Core/Src/stm32f1xx_hal_msp.c **** /* USER CODE BEGIN TD */
  30:Core/Src/stm32f1xx_hal_msp.c **** 
  31:Core/Src/stm32f1xx_hal_msp.c **** /* USER CODE END TD */
  32:Core/Src/stm32f1xx_hal_msp.c **** 
  33:Core/Src/stm32f1xx_hal_msp.c **** /* Private define ------------------------------------------------------------*/
ARM GAS  /tmp/ccqNpYhf.s 			page 2


  34:Core/Src/stm32f1xx_hal_msp.c **** /* USER CODE BEGIN Define */
  35:Core/Src/stm32f1xx_hal_msp.c **** 
  36:Core/Src/stm32f1xx_hal_msp.c **** /* USER CODE END Define */
  37:Core/Src/stm32f1xx_hal_msp.c **** 
  38:Core/Src/stm32f1xx_hal_msp.c **** /* Private macro -------------------------------------------------------------*/
  39:Core/Src/stm32f1xx_hal_msp.c **** /* USER CODE BEGIN Macro */
  40:Core/Src/stm32f1xx_hal_msp.c **** 
  41:Core/Src/stm32f1xx_hal_msp.c **** /* USER CODE END Macro */
  42:Core/Src/stm32f1xx_hal_msp.c **** 
  43:Core/Src/stm32f1xx_hal_msp.c **** /* Private variables ---------------------------------------------------------*/
  44:Core/Src/stm32f1xx_hal_msp.c **** /* USER CODE BEGIN PV */
  45:Core/Src/stm32f1xx_hal_msp.c **** 
  46:Core/Src/stm32f1xx_hal_msp.c **** /* USER CODE END PV */
  47:Core/Src/stm32f1xx_hal_msp.c **** 
  48:Core/Src/stm32f1xx_hal_msp.c **** /* Private function prototypes -----------------------------------------------*/
  49:Core/Src/stm32f1xx_hal_msp.c **** /* USER CODE BEGIN PFP */
  50:Core/Src/stm32f1xx_hal_msp.c **** 
  51:Core/Src/stm32f1xx_hal_msp.c **** /* USER CODE END PFP */
  52:Core/Src/stm32f1xx_hal_msp.c **** 
  53:Core/Src/stm32f1xx_hal_msp.c **** /* External functions --------------------------------------------------------*/
  54:Core/Src/stm32f1xx_hal_msp.c **** /* USER CODE BEGIN ExternalFunctions */
  55:Core/Src/stm32f1xx_hal_msp.c **** 
  56:Core/Src/stm32f1xx_hal_msp.c **** /* USER CODE END ExternalFunctions */
  57:Core/Src/stm32f1xx_hal_msp.c **** 
  58:Core/Src/stm32f1xx_hal_msp.c **** /* USER CODE BEGIN 0 */
  59:Core/Src/stm32f1xx_hal_msp.c **** 
  60:Core/Src/stm32f1xx_hal_msp.c **** /* USER CODE END 0 */
  61:Core/Src/stm32f1xx_hal_msp.c **** /**
  62:Core/Src/stm32f1xx_hal_msp.c ****   * Initializes the Global MSP.
  63:Core/Src/stm32f1xx_hal_msp.c ****   */
  64:Core/Src/stm32f1xx_hal_msp.c **** void HAL_MspInit(void)
  65:Core/Src/stm32f1xx_hal_msp.c **** {
  26              		.loc 1 65 0
  27              		.cfi_startproc
  28              		@ args = 0, pretend = 0, frame = 8
  29              		@ frame_needed = 0, uses_anonymous_args = 0
  30              		@ link register save eliminated.
  31 0000 82B0     		sub	sp, sp, #8
  32              	.LCFI0:
  33              		.cfi_def_cfa_offset 8
  34              	.LBB2:
  66:Core/Src/stm32f1xx_hal_msp.c ****   /* USER CODE BEGIN MspInit 0 */
  67:Core/Src/stm32f1xx_hal_msp.c **** 
  68:Core/Src/stm32f1xx_hal_msp.c ****   /* USER CODE END MspInit 0 */
  69:Core/Src/stm32f1xx_hal_msp.c **** 
  70:Core/Src/stm32f1xx_hal_msp.c ****   __HAL_RCC_AFIO_CLK_ENABLE();
  35              		.loc 1 70 0
  36 0002 0E4B     		ldr	r3, .L3
  37 0004 9A69     		ldr	r2, [r3, #24]
  38 0006 42F00102 		orr	r2, r2, #1
  39 000a 9A61     		str	r2, [r3, #24]
  40 000c 9A69     		ldr	r2, [r3, #24]
  41 000e 02F00102 		and	r2, r2, #1
  42 0012 0092     		str	r2, [sp]
  43 0014 009A     		ldr	r2, [sp]
  44              	.LBE2:
  45              	.LBB3:
ARM GAS  /tmp/ccqNpYhf.s 			page 3


  71:Core/Src/stm32f1xx_hal_msp.c ****   __HAL_RCC_PWR_CLK_ENABLE();
  46              		.loc 1 71 0
  47 0016 DA69     		ldr	r2, [r3, #28]
  48 0018 42F08052 		orr	r2, r2, #268435456
  49 001c DA61     		str	r2, [r3, #28]
  50 001e DB69     		ldr	r3, [r3, #28]
  51 0020 03F08053 		and	r3, r3, #268435456
  52 0024 0193     		str	r3, [sp, #4]
  53 0026 019B     		ldr	r3, [sp, #4]
  54              	.LBE3:
  55              	.LBB4:
  72:Core/Src/stm32f1xx_hal_msp.c **** 
  73:Core/Src/stm32f1xx_hal_msp.c ****   /* System interrupt init*/
  74:Core/Src/stm32f1xx_hal_msp.c **** 
  75:Core/Src/stm32f1xx_hal_msp.c ****   /** NOJTAG: JTAG-DP Disabled and SW-DP Enabled
  76:Core/Src/stm32f1xx_hal_msp.c ****   */
  77:Core/Src/stm32f1xx_hal_msp.c ****   __HAL_AFIO_REMAP_SWJ_NOJTAG();
  56              		.loc 1 77 0
  57 0028 054A     		ldr	r2, .L3+4
  58 002a 5368     		ldr	r3, [r2, #4]
  59              	.LVL0:
  60 002c 23F0E063 		bic	r3, r3, #117440512
  61              	.LVL1:
  62 0030 43F00073 		orr	r3, r3, #33554432
  63              	.LVL2:
  64 0034 5360     		str	r3, [r2, #4]
  65              	.LBE4:
  78:Core/Src/stm32f1xx_hal_msp.c **** 
  79:Core/Src/stm32f1xx_hal_msp.c ****   /* USER CODE BEGIN MspInit 1 */
  80:Core/Src/stm32f1xx_hal_msp.c **** 
  81:Core/Src/stm32f1xx_hal_msp.c ****   /* USER CODE END MspInit 1 */
  82:Core/Src/stm32f1xx_hal_msp.c **** }
  66              		.loc 1 82 0
  67 0036 02B0     		add	sp, sp, #8
  68              	.LCFI1:
  69              		.cfi_def_cfa_offset 0
  70              		@ sp needed
  71 0038 7047     		bx	lr
  72              	.L4:
  73 003a 00BF     		.align	2
  74              	.L3:
  75 003c 00100240 		.word	1073876992
  76 0040 00000140 		.word	1073807360
  77              		.cfi_endproc
  78              	.LFE65:
  80              		.section	.text.HAL_I2C_MspInit,"ax",%progbits
  81              		.align	1
  82              		.global	HAL_I2C_MspInit
  83              		.syntax unified
  84              		.thumb
  85              		.thumb_func
  86              		.fpu softvfp
  88              	HAL_I2C_MspInit:
  89              	.LFB66:
  83:Core/Src/stm32f1xx_hal_msp.c **** 
  84:Core/Src/stm32f1xx_hal_msp.c **** /**
  85:Core/Src/stm32f1xx_hal_msp.c **** * @brief I2C MSP Initialization
ARM GAS  /tmp/ccqNpYhf.s 			page 4


  86:Core/Src/stm32f1xx_hal_msp.c **** * This function configures the hardware resources used in this example
  87:Core/Src/stm32f1xx_hal_msp.c **** * @param hi2c: I2C handle pointer
  88:Core/Src/stm32f1xx_hal_msp.c **** * @retval None
  89:Core/Src/stm32f1xx_hal_msp.c **** */
  90:Core/Src/stm32f1xx_hal_msp.c **** void HAL_I2C_MspInit(I2C_HandleTypeDef* hi2c)
  91:Core/Src/stm32f1xx_hal_msp.c **** {
  90              		.loc 1 91 0
  91              		.cfi_startproc
  92              		@ args = 0, pretend = 0, frame = 24
  93              		@ frame_needed = 0, uses_anonymous_args = 0
  94              	.LVL3:
  95 0000 10B5     		push	{r4, lr}
  96              	.LCFI2:
  97              		.cfi_def_cfa_offset 8
  98              		.cfi_offset 4, -8
  99              		.cfi_offset 14, -4
 100 0002 86B0     		sub	sp, sp, #24
 101              	.LCFI3:
 102              		.cfi_def_cfa_offset 32
  92:Core/Src/stm32f1xx_hal_msp.c ****   GPIO_InitTypeDef GPIO_InitStruct = {0};
 103              		.loc 1 92 0
 104 0004 0023     		movs	r3, #0
 105 0006 0293     		str	r3, [sp, #8]
 106 0008 0393     		str	r3, [sp, #12]
 107 000a 0493     		str	r3, [sp, #16]
 108 000c 0593     		str	r3, [sp, #20]
  93:Core/Src/stm32f1xx_hal_msp.c ****   if(hi2c->Instance==I2C1)
 109              		.loc 1 93 0
 110 000e 0268     		ldr	r2, [r0]
 111 0010 114B     		ldr	r3, .L9
 112 0012 9A42     		cmp	r2, r3
 113 0014 01D0     		beq	.L8
 114              	.LVL4:
 115              	.L5:
  94:Core/Src/stm32f1xx_hal_msp.c ****   {
  95:Core/Src/stm32f1xx_hal_msp.c ****   /* USER CODE BEGIN I2C1_MspInit 0 */
  96:Core/Src/stm32f1xx_hal_msp.c **** 
  97:Core/Src/stm32f1xx_hal_msp.c ****   /* USER CODE END I2C1_MspInit 0 */
  98:Core/Src/stm32f1xx_hal_msp.c **** 
  99:Core/Src/stm32f1xx_hal_msp.c ****     __HAL_RCC_GPIOB_CLK_ENABLE();
 100:Core/Src/stm32f1xx_hal_msp.c ****     /**I2C1 GPIO Configuration
 101:Core/Src/stm32f1xx_hal_msp.c ****     PB6     ------> I2C1_SCL
 102:Core/Src/stm32f1xx_hal_msp.c ****     PB7     ------> I2C1_SDA
 103:Core/Src/stm32f1xx_hal_msp.c ****     */
 104:Core/Src/stm32f1xx_hal_msp.c ****     GPIO_InitStruct.Pin = GPIO_PIN_6|GPIO_PIN_7;
 105:Core/Src/stm32f1xx_hal_msp.c ****     GPIO_InitStruct.Mode = GPIO_MODE_AF_OD;
 106:Core/Src/stm32f1xx_hal_msp.c ****     GPIO_InitStruct.Speed = GPIO_SPEED_FREQ_HIGH;
 107:Core/Src/stm32f1xx_hal_msp.c ****     HAL_GPIO_Init(GPIOB, &GPIO_InitStruct);
 108:Core/Src/stm32f1xx_hal_msp.c **** 
 109:Core/Src/stm32f1xx_hal_msp.c ****     /* Peripheral clock enable */
 110:Core/Src/stm32f1xx_hal_msp.c ****     __HAL_RCC_I2C1_CLK_ENABLE();
 111:Core/Src/stm32f1xx_hal_msp.c ****   /* USER CODE BEGIN I2C1_MspInit 1 */
 112:Core/Src/stm32f1xx_hal_msp.c **** 
 113:Core/Src/stm32f1xx_hal_msp.c ****   /* USER CODE END I2C1_MspInit 1 */
 114:Core/Src/stm32f1xx_hal_msp.c ****   }
 115:Core/Src/stm32f1xx_hal_msp.c **** 
 116:Core/Src/stm32f1xx_hal_msp.c **** }
ARM GAS  /tmp/ccqNpYhf.s 			page 5


 116              		.loc 1 116 0
 117 0016 06B0     		add	sp, sp, #24
 118              	.LCFI4:
 119              		.cfi_remember_state
 120              		.cfi_def_cfa_offset 8
 121              		@ sp needed
 122 0018 10BD     		pop	{r4, pc}
 123              	.LVL5:
 124              	.L8:
 125              	.LCFI5:
 126              		.cfi_restore_state
 127              	.LBB5:
  99:Core/Src/stm32f1xx_hal_msp.c ****     /**I2C1 GPIO Configuration
 128              		.loc 1 99 0
 129 001a 104C     		ldr	r4, .L9+4
 130 001c A369     		ldr	r3, [r4, #24]
 131 001e 43F00803 		orr	r3, r3, #8
 132 0022 A361     		str	r3, [r4, #24]
 133 0024 A369     		ldr	r3, [r4, #24]
 134 0026 03F00803 		and	r3, r3, #8
 135 002a 0093     		str	r3, [sp]
 136 002c 009B     		ldr	r3, [sp]
 137              	.LBE5:
 104:Core/Src/stm32f1xx_hal_msp.c ****     GPIO_InitStruct.Mode = GPIO_MODE_AF_OD;
 138              		.loc 1 104 0
 139 002e C023     		movs	r3, #192
 140 0030 0293     		str	r3, [sp, #8]
 105:Core/Src/stm32f1xx_hal_msp.c ****     GPIO_InitStruct.Speed = GPIO_SPEED_FREQ_HIGH;
 141              		.loc 1 105 0
 142 0032 1223     		movs	r3, #18
 143 0034 0393     		str	r3, [sp, #12]
 106:Core/Src/stm32f1xx_hal_msp.c ****     HAL_GPIO_Init(GPIOB, &GPIO_InitStruct);
 144              		.loc 1 106 0
 145 0036 0323     		movs	r3, #3
 146 0038 0593     		str	r3, [sp, #20]
 107:Core/Src/stm32f1xx_hal_msp.c **** 
 147              		.loc 1 107 0
 148 003a 02A9     		add	r1, sp, #8
 149 003c 0848     		ldr	r0, .L9+8
 150              	.LVL6:
 151 003e FFF7FEFF 		bl	HAL_GPIO_Init
 152              	.LVL7:
 153              	.LBB6:
 110:Core/Src/stm32f1xx_hal_msp.c ****   /* USER CODE BEGIN I2C1_MspInit 1 */
 154              		.loc 1 110 0
 155 0042 E369     		ldr	r3, [r4, #28]
 156 0044 43F40013 		orr	r3, r3, #2097152
 157 0048 E361     		str	r3, [r4, #28]
 158 004a E369     		ldr	r3, [r4, #28]
 159 004c 03F40013 		and	r3, r3, #2097152
 160 0050 0193     		str	r3, [sp, #4]
 161 0052 019B     		ldr	r3, [sp, #4]
 162              	.LBE6:
 163              		.loc 1 116 0
 164 0054 DFE7     		b	.L5
 165              	.L10:
 166 0056 00BF     		.align	2
ARM GAS  /tmp/ccqNpYhf.s 			page 6


 167              	.L9:
 168 0058 00540040 		.word	1073763328
 169 005c 00100240 		.word	1073876992
 170 0060 000C0140 		.word	1073810432
 171              		.cfi_endproc
 172              	.LFE66:
 174              		.section	.text.HAL_I2C_MspDeInit,"ax",%progbits
 175              		.align	1
 176              		.global	HAL_I2C_MspDeInit
 177              		.syntax unified
 178              		.thumb
 179              		.thumb_func
 180              		.fpu softvfp
 182              	HAL_I2C_MspDeInit:
 183              	.LFB67:
 117:Core/Src/stm32f1xx_hal_msp.c **** 
 118:Core/Src/stm32f1xx_hal_msp.c **** /**
 119:Core/Src/stm32f1xx_hal_msp.c **** * @brief I2C MSP De-Initialization
 120:Core/Src/stm32f1xx_hal_msp.c **** * This function freeze the hardware resources used in this example
 121:Core/Src/stm32f1xx_hal_msp.c **** * @param hi2c: I2C handle pointer
 122:Core/Src/stm32f1xx_hal_msp.c **** * @retval None
 123:Core/Src/stm32f1xx_hal_msp.c **** */
 124:Core/Src/stm32f1xx_hal_msp.c **** void HAL_I2C_MspDeInit(I2C_HandleTypeDef* hi2c)
 125:Core/Src/stm32f1xx_hal_msp.c **** {
 184              		.loc 1 125 0
 185              		.cfi_startproc
 186              		@ args = 0, pretend = 0, frame = 0
 187              		@ frame_needed = 0, uses_anonymous_args = 0
 188              	.LVL8:
 126:Core/Src/stm32f1xx_hal_msp.c ****   if(hi2c->Instance==I2C1)
 189              		.loc 1 126 0
 190 0000 0268     		ldr	r2, [r0]
 191 0002 0A4B     		ldr	r3, .L18
 192 0004 9A42     		cmp	r2, r3
 193 0006 00D0     		beq	.L17
 194 0008 7047     		bx	lr
 195              	.L17:
 125:Core/Src/stm32f1xx_hal_msp.c ****   if(hi2c->Instance==I2C1)
 196              		.loc 1 125 0
 197 000a 10B5     		push	{r4, lr}
 198              	.LCFI6:
 199              		.cfi_def_cfa_offset 8
 200              		.cfi_offset 4, -8
 201              		.cfi_offset 14, -4
 127:Core/Src/stm32f1xx_hal_msp.c ****   {
 128:Core/Src/stm32f1xx_hal_msp.c ****   /* USER CODE BEGIN I2C1_MspDeInit 0 */
 129:Core/Src/stm32f1xx_hal_msp.c **** 
 130:Core/Src/stm32f1xx_hal_msp.c ****   /* USER CODE END I2C1_MspDeInit 0 */
 131:Core/Src/stm32f1xx_hal_msp.c ****     /* Peripheral clock disable */
 132:Core/Src/stm32f1xx_hal_msp.c ****     __HAL_RCC_I2C1_CLK_DISABLE();
 202              		.loc 1 132 0
 203 000c 084A     		ldr	r2, .L18+4
 204 000e D369     		ldr	r3, [r2, #28]
 205 0010 23F40013 		bic	r3, r3, #2097152
 206 0014 D361     		str	r3, [r2, #28]
 133:Core/Src/stm32f1xx_hal_msp.c **** 
 134:Core/Src/stm32f1xx_hal_msp.c ****     /**I2C1 GPIO Configuration
ARM GAS  /tmp/ccqNpYhf.s 			page 7


 135:Core/Src/stm32f1xx_hal_msp.c ****     PB6     ------> I2C1_SCL
 136:Core/Src/stm32f1xx_hal_msp.c ****     PB7     ------> I2C1_SDA
 137:Core/Src/stm32f1xx_hal_msp.c ****     */
 138:Core/Src/stm32f1xx_hal_msp.c ****     HAL_GPIO_DeInit(GPIOB, GPIO_PIN_6);
 207              		.loc 1 138 0
 208 0016 074C     		ldr	r4, .L18+8
 209 0018 4021     		movs	r1, #64
 210 001a 2046     		mov	r0, r4
 211              	.LVL9:
 212 001c FFF7FEFF 		bl	HAL_GPIO_DeInit
 213              	.LVL10:
 139:Core/Src/stm32f1xx_hal_msp.c **** 
 140:Core/Src/stm32f1xx_hal_msp.c ****     HAL_GPIO_DeInit(GPIOB, GPIO_PIN_7);
 214              		.loc 1 140 0
 215 0020 8021     		movs	r1, #128
 216 0022 2046     		mov	r0, r4
 217 0024 FFF7FEFF 		bl	HAL_GPIO_DeInit
 218              	.LVL11:
 219 0028 10BD     		pop	{r4, pc}
 220              	.L19:
 221 002a 00BF     		.align	2
 222              	.L18:
 223 002c 00540040 		.word	1073763328
 224 0030 00100240 		.word	1073876992
 225 0034 000C0140 		.word	1073810432
 226              		.cfi_endproc
 227              	.LFE67:
 229              		.section	.text.HAL_UART_MspInit,"ax",%progbits
 230              		.align	1
 231              		.global	HAL_UART_MspInit
 232              		.syntax unified
 233              		.thumb
 234              		.thumb_func
 235              		.fpu softvfp
 237              	HAL_UART_MspInit:
 238              	.LFB68:
 141:Core/Src/stm32f1xx_hal_msp.c **** 
 142:Core/Src/stm32f1xx_hal_msp.c ****   /* USER CODE BEGIN I2C1_MspDeInit 1 */
 143:Core/Src/stm32f1xx_hal_msp.c **** 
 144:Core/Src/stm32f1xx_hal_msp.c ****   /* USER CODE END I2C1_MspDeInit 1 */
 145:Core/Src/stm32f1xx_hal_msp.c ****   }
 146:Core/Src/stm32f1xx_hal_msp.c **** 
 147:Core/Src/stm32f1xx_hal_msp.c **** }
 148:Core/Src/stm32f1xx_hal_msp.c **** 
 149:Core/Src/stm32f1xx_hal_msp.c **** /**
 150:Core/Src/stm32f1xx_hal_msp.c **** * @brief UART MSP Initialization
 151:Core/Src/stm32f1xx_hal_msp.c **** * This function configures the hardware resources used in this example
 152:Core/Src/stm32f1xx_hal_msp.c **** * @param huart: UART handle pointer
 153:Core/Src/stm32f1xx_hal_msp.c **** * @retval None
 154:Core/Src/stm32f1xx_hal_msp.c **** */
 155:Core/Src/stm32f1xx_hal_msp.c **** void HAL_UART_MspInit(UART_HandleTypeDef* huart)
 156:Core/Src/stm32f1xx_hal_msp.c **** {
 239              		.loc 1 156 0
 240              		.cfi_startproc
 241              		@ args = 0, pretend = 0, frame = 24
 242              		@ frame_needed = 0, uses_anonymous_args = 0
 243              	.LVL12:
ARM GAS  /tmp/ccqNpYhf.s 			page 8


 244 0000 30B5     		push	{r4, r5, lr}
 245              	.LCFI7:
 246              		.cfi_def_cfa_offset 12
 247              		.cfi_offset 4, -12
 248              		.cfi_offset 5, -8
 249              		.cfi_offset 14, -4
 250 0002 87B0     		sub	sp, sp, #28
 251              	.LCFI8:
 252              		.cfi_def_cfa_offset 40
 157:Core/Src/stm32f1xx_hal_msp.c ****   GPIO_InitTypeDef GPIO_InitStruct = {0};
 253              		.loc 1 157 0
 254 0004 0023     		movs	r3, #0
 255 0006 0293     		str	r3, [sp, #8]
 256 0008 0393     		str	r3, [sp, #12]
 257 000a 0493     		str	r3, [sp, #16]
 258 000c 0593     		str	r3, [sp, #20]
 158:Core/Src/stm32f1xx_hal_msp.c ****   if(huart->Instance==USART1)
 259              		.loc 1 158 0
 260 000e 0268     		ldr	r2, [r0]
 261 0010 1B4B     		ldr	r3, .L24
 262 0012 9A42     		cmp	r2, r3
 263 0014 01D0     		beq	.L23
 264              	.LVL13:
 265              	.L20:
 159:Core/Src/stm32f1xx_hal_msp.c ****   {
 160:Core/Src/stm32f1xx_hal_msp.c ****   /* USER CODE BEGIN USART1_MspInit 0 */
 161:Core/Src/stm32f1xx_hal_msp.c **** 
 162:Core/Src/stm32f1xx_hal_msp.c ****   /* USER CODE END USART1_MspInit 0 */
 163:Core/Src/stm32f1xx_hal_msp.c ****     /* Peripheral clock enable */
 164:Core/Src/stm32f1xx_hal_msp.c ****     __HAL_RCC_USART1_CLK_ENABLE();
 165:Core/Src/stm32f1xx_hal_msp.c **** 
 166:Core/Src/stm32f1xx_hal_msp.c ****     __HAL_RCC_GPIOA_CLK_ENABLE();
 167:Core/Src/stm32f1xx_hal_msp.c ****     /**USART1 GPIO Configuration
 168:Core/Src/stm32f1xx_hal_msp.c ****     PA9     ------> USART1_TX
 169:Core/Src/stm32f1xx_hal_msp.c ****     PA10     ------> USART1_RX
 170:Core/Src/stm32f1xx_hal_msp.c ****     */
 171:Core/Src/stm32f1xx_hal_msp.c ****     GPIO_InitStruct.Pin = GPIO_PIN_9;
 172:Core/Src/stm32f1xx_hal_msp.c ****     GPIO_InitStruct.Mode = GPIO_MODE_AF_PP;
 173:Core/Src/stm32f1xx_hal_msp.c ****     GPIO_InitStruct.Speed = GPIO_SPEED_FREQ_HIGH;
 174:Core/Src/stm32f1xx_hal_msp.c ****     HAL_GPIO_Init(GPIOA, &GPIO_InitStruct);
 175:Core/Src/stm32f1xx_hal_msp.c **** 
 176:Core/Src/stm32f1xx_hal_msp.c ****     GPIO_InitStruct.Pin = GPIO_PIN_10;
 177:Core/Src/stm32f1xx_hal_msp.c ****     GPIO_InitStruct.Mode = GPIO_MODE_INPUT;
 178:Core/Src/stm32f1xx_hal_msp.c ****     GPIO_InitStruct.Pull = GPIO_NOPULL;
 179:Core/Src/stm32f1xx_hal_msp.c ****     HAL_GPIO_Init(GPIOA, &GPIO_InitStruct);
 180:Core/Src/stm32f1xx_hal_msp.c **** 
 181:Core/Src/stm32f1xx_hal_msp.c ****     /* USART1 interrupt Init */
 182:Core/Src/stm32f1xx_hal_msp.c ****     HAL_NVIC_SetPriority(USART1_IRQn, 0, 0);
 183:Core/Src/stm32f1xx_hal_msp.c ****     HAL_NVIC_EnableIRQ(USART1_IRQn);
 184:Core/Src/stm32f1xx_hal_msp.c ****   /* USER CODE BEGIN USART1_MspInit 1 */
 185:Core/Src/stm32f1xx_hal_msp.c **** 
 186:Core/Src/stm32f1xx_hal_msp.c ****   /* USER CODE END USART1_MspInit 1 */
 187:Core/Src/stm32f1xx_hal_msp.c ****   }
 188:Core/Src/stm32f1xx_hal_msp.c **** 
 189:Core/Src/stm32f1xx_hal_msp.c **** }
 266              		.loc 1 189 0
 267 0016 07B0     		add	sp, sp, #28
ARM GAS  /tmp/ccqNpYhf.s 			page 9


 268              	.LCFI9:
 269              		.cfi_remember_state
 270              		.cfi_def_cfa_offset 12
 271              		@ sp needed
 272 0018 30BD     		pop	{r4, r5, pc}
 273              	.LVL14:
 274              	.L23:
 275              	.LCFI10:
 276              		.cfi_restore_state
 277              	.LBB7:
 164:Core/Src/stm32f1xx_hal_msp.c **** 
 278              		.loc 1 164 0
 279 001a 03F55843 		add	r3, r3, #55296
 280 001e 9A69     		ldr	r2, [r3, #24]
 281 0020 42F48042 		orr	r2, r2, #16384
 282 0024 9A61     		str	r2, [r3, #24]
 283 0026 9A69     		ldr	r2, [r3, #24]
 284 0028 02F48042 		and	r2, r2, #16384
 285 002c 0092     		str	r2, [sp]
 286 002e 009A     		ldr	r2, [sp]
 287              	.LBE7:
 288              	.LBB8:
 166:Core/Src/stm32f1xx_hal_msp.c ****     /**USART1 GPIO Configuration
 289              		.loc 1 166 0
 290 0030 9A69     		ldr	r2, [r3, #24]
 291 0032 42F00402 		orr	r2, r2, #4
 292 0036 9A61     		str	r2, [r3, #24]
 293 0038 9B69     		ldr	r3, [r3, #24]
 294 003a 03F00403 		and	r3, r3, #4
 295 003e 0193     		str	r3, [sp, #4]
 296 0040 019B     		ldr	r3, [sp, #4]
 297              	.LBE8:
 171:Core/Src/stm32f1xx_hal_msp.c ****     GPIO_InitStruct.Mode = GPIO_MODE_AF_PP;
 298              		.loc 1 171 0
 299 0042 4FF40073 		mov	r3, #512
 300 0046 0293     		str	r3, [sp, #8]
 172:Core/Src/stm32f1xx_hal_msp.c ****     GPIO_InitStruct.Speed = GPIO_SPEED_FREQ_HIGH;
 301              		.loc 1 172 0
 302 0048 0223     		movs	r3, #2
 303 004a 0393     		str	r3, [sp, #12]
 173:Core/Src/stm32f1xx_hal_msp.c ****     HAL_GPIO_Init(GPIOA, &GPIO_InitStruct);
 304              		.loc 1 173 0
 305 004c 0323     		movs	r3, #3
 306 004e 0593     		str	r3, [sp, #20]
 174:Core/Src/stm32f1xx_hal_msp.c **** 
 307              		.loc 1 174 0
 308 0050 0C4D     		ldr	r5, .L24+4
 309 0052 02A9     		add	r1, sp, #8
 310 0054 2846     		mov	r0, r5
 311              	.LVL15:
 312 0056 FFF7FEFF 		bl	HAL_GPIO_Init
 313              	.LVL16:
 176:Core/Src/stm32f1xx_hal_msp.c ****     GPIO_InitStruct.Mode = GPIO_MODE_INPUT;
 314              		.loc 1 176 0
 315 005a 4FF48063 		mov	r3, #1024
 316 005e 0293     		str	r3, [sp, #8]
 177:Core/Src/stm32f1xx_hal_msp.c ****     GPIO_InitStruct.Pull = GPIO_NOPULL;
ARM GAS  /tmp/ccqNpYhf.s 			page 10


 317              		.loc 1 177 0
 318 0060 0024     		movs	r4, #0
 319 0062 0394     		str	r4, [sp, #12]
 178:Core/Src/stm32f1xx_hal_msp.c ****     HAL_GPIO_Init(GPIOA, &GPIO_InitStruct);
 320              		.loc 1 178 0
 321 0064 0494     		str	r4, [sp, #16]
 179:Core/Src/stm32f1xx_hal_msp.c **** 
 322              		.loc 1 179 0
 323 0066 02A9     		add	r1, sp, #8
 324 0068 2846     		mov	r0, r5
 325 006a FFF7FEFF 		bl	HAL_GPIO_Init
 326              	.LVL17:
 182:Core/Src/stm32f1xx_hal_msp.c ****     HAL_NVIC_EnableIRQ(USART1_IRQn);
 327              		.loc 1 182 0
 328 006e 2246     		mov	r2, r4
 329 0070 2146     		mov	r1, r4
 330 0072 2520     		movs	r0, #37
 331 0074 FFF7FEFF 		bl	HAL_NVIC_SetPriority
 332              	.LVL18:
 183:Core/Src/stm32f1xx_hal_msp.c ****   /* USER CODE BEGIN USART1_MspInit 1 */
 333              		.loc 1 183 0
 334 0078 2520     		movs	r0, #37
 335 007a FFF7FEFF 		bl	HAL_NVIC_EnableIRQ
 336              	.LVL19:
 337              		.loc 1 189 0
 338 007e CAE7     		b	.L20
 339              	.L25:
 340              		.align	2
 341              	.L24:
 342 0080 00380140 		.word	1073821696
 343 0084 00080140 		.word	1073809408
 344              		.cfi_endproc
 345              	.LFE68:
 347              		.section	.text.HAL_UART_MspDeInit,"ax",%progbits
 348              		.align	1
 349              		.global	HAL_UART_MspDeInit
 350              		.syntax unified
 351              		.thumb
 352              		.thumb_func
 353              		.fpu softvfp
 355              	HAL_UART_MspDeInit:
 356              	.LFB69:
 190:Core/Src/stm32f1xx_hal_msp.c **** 
 191:Core/Src/stm32f1xx_hal_msp.c **** /**
 192:Core/Src/stm32f1xx_hal_msp.c **** * @brief UART MSP De-Initialization
 193:Core/Src/stm32f1xx_hal_msp.c **** * This function freeze the hardware resources used in this example
 194:Core/Src/stm32f1xx_hal_msp.c **** * @param huart: UART handle pointer
 195:Core/Src/stm32f1xx_hal_msp.c **** * @retval None
 196:Core/Src/stm32f1xx_hal_msp.c **** */
 197:Core/Src/stm32f1xx_hal_msp.c **** void HAL_UART_MspDeInit(UART_HandleTypeDef* huart)
 198:Core/Src/stm32f1xx_hal_msp.c **** {
 357              		.loc 1 198 0
 358              		.cfi_startproc
 359              		@ args = 0, pretend = 0, frame = 0
 360              		@ frame_needed = 0, uses_anonymous_args = 0
 361              	.LVL20:
 362 0000 08B5     		push	{r3, lr}
ARM GAS  /tmp/ccqNpYhf.s 			page 11


 363              	.LCFI11:
 364              		.cfi_def_cfa_offset 8
 365              		.cfi_offset 3, -8
 366              		.cfi_offset 14, -4
 199:Core/Src/stm32f1xx_hal_msp.c ****   if(huart->Instance==USART1)
 367              		.loc 1 199 0
 368 0002 0268     		ldr	r2, [r0]
 369 0004 084B     		ldr	r3, .L30
 370 0006 9A42     		cmp	r2, r3
 371 0008 00D0     		beq	.L29
 372              	.LVL21:
 373              	.L26:
 374 000a 08BD     		pop	{r3, pc}
 375              	.LVL22:
 376              	.L29:
 200:Core/Src/stm32f1xx_hal_msp.c ****   {
 201:Core/Src/stm32f1xx_hal_msp.c ****   /* USER CODE BEGIN USART1_MspDeInit 0 */
 202:Core/Src/stm32f1xx_hal_msp.c **** 
 203:Core/Src/stm32f1xx_hal_msp.c ****   /* USER CODE END USART1_MspDeInit 0 */
 204:Core/Src/stm32f1xx_hal_msp.c ****     /* Peripheral clock disable */
 205:Core/Src/stm32f1xx_hal_msp.c ****     __HAL_RCC_USART1_CLK_DISABLE();
 377              		.loc 1 205 0
 378 000c 074A     		ldr	r2, .L30+4
 379 000e 9369     		ldr	r3, [r2, #24]
 380 0010 23F48043 		bic	r3, r3, #16384
 381 0014 9361     		str	r3, [r2, #24]
 206:Core/Src/stm32f1xx_hal_msp.c **** 
 207:Core/Src/stm32f1xx_hal_msp.c ****     /**USART1 GPIO Configuration
 208:Core/Src/stm32f1xx_hal_msp.c ****     PA9     ------> USART1_TX
 209:Core/Src/stm32f1xx_hal_msp.c ****     PA10     ------> USART1_RX
 210:Core/Src/stm32f1xx_hal_msp.c ****     */
 211:Core/Src/stm32f1xx_hal_msp.c ****     HAL_GPIO_DeInit(GPIOA, GPIO_PIN_9|GPIO_PIN_10);
 382              		.loc 1 211 0
 383 0016 4FF4C061 		mov	r1, #1536
 384 001a 0548     		ldr	r0, .L30+8
 385              	.LVL23:
 386 001c FFF7FEFF 		bl	HAL_GPIO_DeInit
 387              	.LVL24:
 212:Core/Src/stm32f1xx_hal_msp.c **** 
 213:Core/Src/stm32f1xx_hal_msp.c ****     /* USART1 interrupt DeInit */
 214:Core/Src/stm32f1xx_hal_msp.c ****     HAL_NVIC_DisableIRQ(USART1_IRQn);
 388              		.loc 1 214 0
 389 0020 2520     		movs	r0, #37
 390 0022 FFF7FEFF 		bl	HAL_NVIC_DisableIRQ
 391              	.LVL25:
 215:Core/Src/stm32f1xx_hal_msp.c ****   /* USER CODE BEGIN USART1_MspDeInit 1 */
 216:Core/Src/stm32f1xx_hal_msp.c **** 
 217:Core/Src/stm32f1xx_hal_msp.c ****   /* USER CODE END USART1_MspDeInit 1 */
 218:Core/Src/stm32f1xx_hal_msp.c ****   }
 219:Core/Src/stm32f1xx_hal_msp.c **** 
 220:Core/Src/stm32f1xx_hal_msp.c **** }
 392              		.loc 1 220 0
 393 0026 F0E7     		b	.L26
 394              	.L31:
 395              		.align	2
 396              	.L30:
 397 0028 00380140 		.word	1073821696
ARM GAS  /tmp/ccqNpYhf.s 			page 12


 398 002c 00100240 		.word	1073876992
 399 0030 00080140 		.word	1073809408
 400              		.cfi_endproc
 401              	.LFE69:
 403              		.text
 404              	.Letext0:
 405              		.file 2 "/usr/include/newlib/machine/_default_types.h"
 406              		.file 3 "/usr/include/newlib/sys/_stdint.h"
 407              		.file 4 "Drivers/CMSIS/Include/core_cm3.h"
 408              		.file 5 "Drivers/CMSIS/Device/ST/STM32F1xx/Include/system_stm32f1xx.h"
 409              		.file 6 "Drivers/CMSIS/Device/ST/STM32F1xx/Include/stm32f103xb.h"
 410              		.file 7 "Drivers/STM32F1xx_HAL_Driver/Inc/stm32f1xx_hal_def.h"
 411              		.file 8 "Drivers/STM32F1xx_HAL_Driver/Inc/stm32f1xx_hal_gpio.h"
 412              		.file 9 "Drivers/STM32F1xx_HAL_Driver/Inc/stm32f1xx_hal_dma.h"
 413              		.file 10 "Drivers/STM32F1xx_HAL_Driver/Inc/stm32f1xx_hal_i2c.h"
 414              		.file 11 "Drivers/STM32F1xx_HAL_Driver/Inc/stm32f1xx_hal_uart.h"
 415              		.file 12 "Drivers/STM32F1xx_HAL_Driver/Inc/stm32f1xx_hal.h"
 416              		.file 13 "Drivers/STM32F1xx_HAL_Driver/Inc/stm32f1xx_hal_cortex.h"
ARM GAS  /tmp/ccqNpYhf.s 			page 13


DEFINED SYMBOLS
                            *ABS*:0000000000000000 stm32f1xx_hal_msp.c
     /tmp/ccqNpYhf.s:16     .text.HAL_MspInit:0000000000000000 $t
     /tmp/ccqNpYhf.s:23     .text.HAL_MspInit:0000000000000000 HAL_MspInit
     /tmp/ccqNpYhf.s:75     .text.HAL_MspInit:000000000000003c $d
     /tmp/ccqNpYhf.s:81     .text.HAL_I2C_MspInit:0000000000000000 $t
     /tmp/ccqNpYhf.s:88     .text.HAL_I2C_MspInit:0000000000000000 HAL_I2C_MspInit
     /tmp/ccqNpYhf.s:168    .text.HAL_I2C_MspInit:0000000000000058 $d
     /tmp/ccqNpYhf.s:175    .text.HAL_I2C_MspDeInit:0000000000000000 $t
     /tmp/ccqNpYhf.s:182    .text.HAL_I2C_MspDeInit:0000000000000000 HAL_I2C_MspDeInit
     /tmp/ccqNpYhf.s:223    .text.HAL_I2C_MspDeInit:000000000000002c $d
     /tmp/ccqNpYhf.s:230    .text.HAL_UART_MspInit:0000000000000000 $t
     /tmp/ccqNpYhf.s:237    .text.HAL_UART_MspInit:0000000000000000 HAL_UART_MspInit
     /tmp/ccqNpYhf.s:342    .text.HAL_UART_MspInit:0000000000000080 $d
     /tmp/ccqNpYhf.s:348    .text.HAL_UART_MspDeInit:0000000000000000 $t
     /tmp/ccqNpYhf.s:355    .text.HAL_UART_MspDeInit:0000000000000000 HAL_UART_MspDeInit
     /tmp/ccqNpYhf.s:397    .text.HAL_UART_MspDeInit:0000000000000028 $d
                     .debug_frame:0000000000000010 $d

UNDEFINED SYMBOLS
HAL_GPIO_Init
HAL_GPIO_DeInit
HAL_NVIC_SetPriority
HAL_NVIC_EnableIRQ
HAL_NVIC_DisableIRQ
